=============================================
Dataset: Ehrenreich_Spectrogram
Method:  TS-TCC
Mode:    supervised
=============================================
Data loaded ...
Training started ....
Epoch : 1
Train Loss: 0.2364 | F1: 0.0449 | Precision: 0.1933 | Recall: 0.0254
Valid Loss: 0.2175 | F1: 0.0000 | Precision: 0.0000 | Recall: 0.0000

New best valid loss: 0.2175 at epoch 1, saving model checkpoint.
Epoch : 2
Train Loss: 0.1873 | F1: 0.1450 | Precision: 0.5000 | Recall: 0.0848
Valid Loss: 0.2385 | F1: 0.0000 | Precision: 0.0000 | Recall: 0.0000

Epoch : 3
Train Loss: 0.1750 | F1: 0.2048 | Precision: 0.5351 | Recall: 0.1266
Valid Loss: 0.3192 | F1: 0.0179 | Precision: 0.0230 | Recall: 0.0146

Epoch : 4
Train Loss: 0.1573 | F1: 0.2562 | Precision: 0.5504 | Recall: 0.1670
Valid Loss: 0.3210 | F1: 0.0326 | Precision: 0.0294 | Recall: 0.0365

Epoch : 5
Train Loss: 0.1397 | F1: 0.3293 | Precision: 0.6005 | Recall: 0.2269
Valid Loss: 0.2882 | F1: 0.0000 | Precision: 0.0000 | Recall: 0.0000

Epoch : 6
Train Loss: 0.1205 | F1: 0.4500 | Precision: 0.6985 | Recall: 0.3319
Valid Loss: 0.3049 | F1: 0.0000 | Precision: 0.0000 | Recall: 0.0000

Epoch : 7
Train Loss: 0.1079 | F1: 0.5088 | Precision: 0.6849 | Recall: 0.4047
Valid Loss: 0.3292 | F1: 0.0101 | Precision: 0.0164 | Recall: 0.0073

Epoch : 8
Train Loss: 0.0932 | F1: 0.5839 | Precision: 0.7332 | Recall: 0.4851
Valid Loss: 0.3528 | F1: 0.0000 | Precision: 0.0000 | Recall: 0.0000

Epoch : 9
Train Loss: 0.0830 | F1: 0.6441 | Precision: 0.7613 | Recall: 0.5582
Valid Loss: 0.3761 | F1: 0.0000 | Precision: 0.0000 | Recall: 0.0000

Epoch : 10
Train Loss: 0.0712 | F1: 0.7025 | Precision: 0.8073 | Recall: 0.6218
Valid Loss: 0.4025 | F1: 0.0282 | Precision: 0.0272 | Recall: 0.0292

Epoch : 11
Train Loss: 0.0657 | F1: 0.7171 | Precision: 0.8128 | Recall: 0.6416
Valid Loss: 0.4140 | F1: 0.0089 | Precision: 0.0115 | Recall: 0.0073

Epoch : 12
Train Loss: 0.0600 | F1: 0.7538 | Precision: 0.8307 | Recall: 0.6900
Valid Loss: 0.4173 | F1: 0.0368 | Precision: 0.0370 | Recall: 0.0365

Epoch : 13
Train Loss: 0.0341 | F1: 0.8653 | Precision: 0.9187 | Recall: 0.8178
Valid Loss: 0.4074 | F1: 0.0207 | Precision: 0.0357 | Recall: 0.0146

Epoch : 14
Train Loss: 0.0274 | F1: 0.8972 | Precision: 0.9476 | Recall: 0.8518
Valid Loss: 0.4439 | F1: 0.0297 | Precision: 0.0462 | Recall: 0.0219

Epoch : 15
Train Loss: 0.0252 | F1: 0.9083 | Precision: 0.9494 | Recall: 0.8705
Valid Loss: 0.4415 | F1: 0.0204 | Precision: 0.0339 | Recall: 0.0146

Epoch : 16
Train Loss: 0.0217 | F1: 0.9231 | Precision: 0.9594 | Recall: 0.8896
Valid Loss: 0.4562 | F1: 0.0103 | Precision: 0.0175 | Recall: 0.0073

Epoch : 17
Train Loss: 0.0211 | F1: 0.9305 | Precision: 0.9549 | Recall: 0.9073
Valid Loss: 0.4634 | F1: 0.0203 | Precision: 0.0333 | Recall: 0.0146

Epoch : 18
Train Loss: 0.0207 | F1: 0.9289 | Precision: 0.9540 | Recall: 0.9050
Valid Loss: 0.4656 | F1: 0.0213 | Precision: 0.0392 | Recall: 0.0146

Epoch : 19
Train Loss: 0.0187 | F1: 0.9306 | Precision: 0.9582 | Recall: 0.9045
Valid Loss: 0.4893 | F1: 0.0109 | Precision: 0.0213 | Recall: 0.0073

Epoch : 20
Train Loss: 0.0187 | F1: 0.9322 | Precision: 0.9609 | Recall: 0.9053
Valid Loss: 0.5043 | F1: 0.0206 | Precision: 0.0351 | Recall: 0.0146

Epoch : 21
Train Loss: 0.0174 | F1: 0.9397 | Precision: 0.9616 | Recall: 0.9188
Valid Loss: 0.4907 | F1: 0.0204 | Precision: 0.0339 | Recall: 0.0146

Epoch : 22
Train Loss: 0.0187 | F1: 0.9342 | Precision: 0.9595 | Recall: 0.9101
Valid Loss: 0.4980 | F1: 0.0108 | Precision: 0.0208 | Recall: 0.0073

Epoch : 23
Train Loss: 0.0162 | F1: 0.9456 | Precision: 0.9654 | Recall: 0.9266
Valid Loss: 0.4995 | F1: 0.0105 | Precision: 0.0189 | Recall: 0.0073

Epoch : 24
Train Loss: 0.0158 | F1: 0.9461 | Precision: 0.9723 | Recall: 0.9213
Valid Loss: 0.4923 | F1: 0.0103 | Precision: 0.0172 | Recall: 0.0073

Epoch : 25
Train Loss: 0.0139 | F1: 0.9607 | Precision: 0.9723 | Recall: 0.9494
Valid Loss: 0.5026 | F1: 0.0108 | Precision: 0.0204 | Recall: 0.0073

Epoch : 26
Train Loss: 0.0142 | F1: 0.9599 | Precision: 0.9756 | Recall: 0.9448
Valid Loss: 0.4944 | F1: 0.0100 | Precision: 0.0159 | Recall: 0.0073

Epoch : 27
Train Loss: 0.0132 | F1: 0.9579 | Precision: 0.9730 | Recall: 0.9432
Valid Loss: 0.5011 | F1: 0.0104 | Precision: 0.0182 | Recall: 0.0073

Epoch : 28
Train Loss: 0.0142 | F1: 0.9556 | Precision: 0.9703 | Recall: 0.9414
Valid Loss: 0.4901 | F1: 0.0104 | Precision: 0.0179 | Recall: 0.0073

Epoch : 29
Train Loss: 0.0145 | F1: 0.9523 | Precision: 0.9727 | Recall: 0.9328
Valid Loss: 0.4915 | F1: 0.0102 | Precision: 0.0169 | Recall: 0.0073

