=============================================
Dataset: Ehrenreich_Spectrogram
Method:  TS-TCC
Mode:    self_supervised
=============================================
Data loaded ...
Training started ....
Epoch : 1
Train Loss: 3.7015 | F1: 0.0000 | Precision: 0.0000 | Recall: 0.0000
Valid Loss: 0.0000 | F1: 0.0000 | Precision: 0.0000 | Recall: 0.0000

New best valid loss: 0.0000 at epoch 1, saving model checkpoint.
Epoch : 2
Train Loss: 2.9983 | F1: 0.0000 | Precision: 0.0000 | Recall: 0.0000
Valid Loss: 0.0000 | F1: 0.0000 | Precision: 0.0000 | Recall: 0.0000

Epoch : 3
Train Loss: 2.7209 | F1: 0.0000 | Precision: 0.0000 | Recall: 0.0000
Valid Loss: 0.0000 | F1: 0.0000 | Precision: 0.0000 | Recall: 0.0000

Epoch : 4
Train Loss: 2.5188 | F1: 0.0000 | Precision: 0.0000 | Recall: 0.0000
Valid Loss: 0.0000 | F1: 0.0000 | Precision: 0.0000 | Recall: 0.0000

Epoch : 5
Train Loss: 2.3925 | F1: 0.0000 | Precision: 0.0000 | Recall: 0.0000
Valid Loss: 0.0000 | F1: 0.0000 | Precision: 0.0000 | Recall: 0.0000

Epoch : 6
Train Loss: 2.3030 | F1: 0.0000 | Precision: 0.0000 | Recall: 0.0000
Valid Loss: 0.0000 | F1: 0.0000 | Precision: 0.0000 | Recall: 0.0000

Epoch : 7
Train Loss: 2.2192 | F1: 0.0000 | Precision: 0.0000 | Recall: 0.0000
Valid Loss: 0.0000 | F1: 0.0000 | Precision: 0.0000 | Recall: 0.0000

Epoch : 8
Train Loss: 2.1322 | F1: 0.0000 | Precision: 0.0000 | Recall: 0.0000
Valid Loss: 0.0000 | F1: 0.0000 | Precision: 0.0000 | Recall: 0.0000

Epoch : 9
Train Loss: 2.0794 | F1: 0.0000 | Precision: 0.0000 | Recall: 0.0000
Valid Loss: 0.0000 | F1: 0.0000 | Precision: 0.0000 | Recall: 0.0000

Epoch : 10
Train Loss: 2.0318 | F1: 0.0000 | Precision: 0.0000 | Recall: 0.0000
Valid Loss: 0.0000 | F1: 0.0000 | Precision: 0.0000 | Recall: 0.0000

Epoch : 11
Train Loss: 1.9905 | F1: 0.0000 | Precision: 0.0000 | Recall: 0.0000
Valid Loss: 0.0000 | F1: 0.0000 | Precision: 0.0000 | Recall: 0.0000

Epoch : 12
Train Loss: 1.9670 | F1: 0.0000 | Precision: 0.0000 | Recall: 0.0000
Valid Loss: 0.0000 | F1: 0.0000 | Precision: 0.0000 | Recall: 0.0000

Epoch : 13
Train Loss: 1.9440 | F1: 0.0000 | Precision: 0.0000 | Recall: 0.0000
Valid Loss: 0.0000 | F1: 0.0000 | Precision: 0.0000 | Recall: 0.0000

Epoch : 14
Train Loss: 1.8830 | F1: 0.0000 | Precision: 0.0000 | Recall: 0.0000
Valid Loss: 0.0000 | F1: 0.0000 | Precision: 0.0000 | Recall: 0.0000

Epoch : 15
Train Loss: 1.8756 | F1: 0.0000 | Precision: 0.0000 | Recall: 0.0000
Valid Loss: 0.0000 | F1: 0.0000 | Precision: 0.0000 | Recall: 0.0000

Epoch : 16
Train Loss: 1.8480 | F1: 0.0000 | Precision: 0.0000 | Recall: 0.0000
Valid Loss: 0.0000 | F1: 0.0000 | Precision: 0.0000 | Recall: 0.0000

Epoch : 17
Train Loss: 1.8149 | F1: 0.0000 | Precision: 0.0000 | Recall: 0.0000
Valid Loss: 0.0000 | F1: 0.0000 | Precision: 0.0000 | Recall: 0.0000

Epoch : 18
Train Loss: 1.8071 | F1: 0.0000 | Precision: 0.0000 | Recall: 0.0000
Valid Loss: 0.0000 | F1: 0.0000 | Precision: 0.0000 | Recall: 0.0000

Epoch : 19
Train Loss: 1.7795 | F1: 0.0000 | Precision: 0.0000 | Recall: 0.0000
Valid Loss: 0.0000 | F1: 0.0000 | Precision: 0.0000 | Recall: 0.0000

Epoch : 20
Train Loss: 1.7563 | F1: 0.0000 | Precision: 0.0000 | Recall: 0.0000
Valid Loss: 0.0000 | F1: 0.0000 | Precision: 0.0000 | Recall: 0.0000

Epoch : 21
Train Loss: 1.7503 | F1: 0.0000 | Precision: 0.0000 | Recall: 0.0000
Valid Loss: 0.0000 | F1: 0.0000 | Precision: 0.0000 | Recall: 0.0000

Epoch : 22
Train Loss: 1.7388 | F1: 0.0000 | Precision: 0.0000 | Recall: 0.0000
Valid Loss: 0.0000 | F1: 0.0000 | Precision: 0.0000 | Recall: 0.0000

Epoch : 23
Train Loss: 1.7120 | F1: 0.0000 | Precision: 0.0000 | Recall: 0.0000
Valid Loss: 0.0000 | F1: 0.0000 | Precision: 0.0000 | Recall: 0.0000

Epoch : 24
Train Loss: 1.7003 | F1: 0.0000 | Precision: 0.0000 | Recall: 0.0000
Valid Loss: 0.0000 | F1: 0.0000 | Precision: 0.0000 | Recall: 0.0000

Epoch : 25
Train Loss: 1.6836 | F1: 0.0000 | Precision: 0.0000 | Recall: 0.0000
Valid Loss: 0.0000 | F1: 0.0000 | Precision: 0.0000 | Recall: 0.0000

Epoch : 26
Train Loss: 1.6687 | F1: 0.0000 | Precision: 0.0000 | Recall: 0.0000
Valid Loss: 0.0000 | F1: 0.0000 | Precision: 0.0000 | Recall: 0.0000

Epoch : 27
Train Loss: 1.6773 | F1: 0.0000 | Precision: 0.0000 | Recall: 0.0000
Valid Loss: 0.0000 | F1: 0.0000 | Precision: 0.0000 | Recall: 0.0000

Epoch : 28
Train Loss: 1.6528 | F1: 0.0000 | Precision: 0.0000 | Recall: 0.0000
Valid Loss: 0.0000 | F1: 0.0000 | Precision: 0.0000 | Recall: 0.0000

Epoch : 29
Train Loss: 1.6453 | F1: 0.0000 | Precision: 0.0000 | Recall: 0.0000
Valid Loss: 0.0000 | F1: 0.0000 | Precision: 0.0000 | Recall: 0.0000

Epoch : 30
Train Loss: 1.6213 | F1: 0.0000 | Precision: 0.0000 | Recall: 0.0000
Valid Loss: 0.0000 | F1: 0.0000 | Precision: 0.0000 | Recall: 0.0000

Epoch : 31
Train Loss: 1.6224 | F1: 0.0000 | Precision: 0.0000 | Recall: 0.0000
Valid Loss: 0.0000 | F1: 0.0000 | Precision: 0.0000 | Recall: 0.0000

Epoch : 32
Train Loss: 1.6074 | F1: 0.0000 | Precision: 0.0000 | Recall: 0.0000
Valid Loss: 0.0000 | F1: 0.0000 | Precision: 0.0000 | Recall: 0.0000

Epoch : 33
Train Loss: 1.6022 | F1: 0.0000 | Precision: 0.0000 | Recall: 0.0000
Valid Loss: 0.0000 | F1: 0.0000 | Precision: 0.0000 | Recall: 0.0000

Epoch : 34
Train Loss: 1.5913 | F1: 0.0000 | Precision: 0.0000 | Recall: 0.0000
Valid Loss: 0.0000 | F1: 0.0000 | Precision: 0.0000 | Recall: 0.0000

Epoch : 35
Train Loss: 1.5730 | F1: 0.0000 | Precision: 0.0000 | Recall: 0.0000
Valid Loss: 0.0000 | F1: 0.0000 | Precision: 0.0000 | Recall: 0.0000

Epoch : 36
Train Loss: 1.5761 | F1: 0.0000 | Precision: 0.0000 | Recall: 0.0000
Valid Loss: 0.0000 | F1: 0.0000 | Precision: 0.0000 | Recall: 0.0000

Epoch : 37
Train Loss: 1.5678 | F1: 0.0000 | Precision: 0.0000 | Recall: 0.0000
Valid Loss: 0.0000 | F1: 0.0000 | Precision: 0.0000 | Recall: 0.0000

Epoch : 38
Train Loss: 1.5616 | F1: 0.0000 | Precision: 0.0000 | Recall: 0.0000
Valid Loss: 0.0000 | F1: 0.0000 | Precision: 0.0000 | Recall: 0.0000

Epoch : 39
Train Loss: 1.5558 | F1: 0.0000 | Precision: 0.0000 | Recall: 0.0000
Valid Loss: 0.0000 | F1: 0.0000 | Precision: 0.0000 | Recall: 0.0000

Epoch : 40
Train Loss: 1.5530 | F1: 0.0000 | Precision: 0.0000 | Recall: 0.0000
Valid Loss: 0.0000 | F1: 0.0000 | Precision: 0.0000 | Recall: 0.0000

Loading best model from epoch 1
Collecting validation probabilities for threshold optimization...
Validation labels empty — skipping threshold optimization.
Evaluating on test set:
1. With default threshold (0.5):
Test Loss: 0.0000 | F1: 0.0000 | Precision: 0.0000 | Recall: 0.0000
2. With optimized threshold (0.500):
Test Loss: 0.0000 | F1: 0.0000 | Precision: 0.0000 | Recall: 0.0000
=== THRESHOLD OPTIMIZATION RESULTS ===
F1 improvement: +0.0000 (from 0.0000 to 0.0000)
Optimal threshold: 0.500 (vs default 0.5)
Best validation loss epoch: 1
################## Training is Done! #########################
Training time is : 0:38:28.803605
